
> storybook-react@0.2.0 build-storybook /project/workspace
> storybook build "--output-dir=/tmp/chromatic--7299-HhoMb78rEYwo"

@storybook/cli v7.6.17

info => Cleaning outputDir: /tmp/chromatic--7299-HhoMb78rEYwo
info => Loading presets
info => Building manager..
info => Manager built (364 ms)
info => Building preview..
info => Copying static files: /project/workspace/node_modules/.pnpm/@storybook+manager@7.6.17/node_modules/@storybook/manager/static at /tmp/chromatic--7299-HhoMb78rEYwo/sb-common-assets
WARN No story files found for the specified pattern: src/**/*.mdx
[36mvite v4.5.2 [32mbuilding for production...[36m[39m
transforming...
[32m✓[39m 562 modules transformed.
rendering chunks...
computing gzip size...
[2m../../tmp/chromatic--7299-HhoMb78rEYwo/[22m[32miframe.html                                    [39m[1m[2m 12.75 kB[22m[1m[22m[2m │ gzip:   3.59 kB[22m
[2m../../tmp/chromatic--7299-HhoMb78rEYwo/[22m[2massets/[22m[35mButton.stories-38b95007.css             [39m[1m[2m  1.05 kB[22m[1m[22m[2m │ gzip:   0.35 kB[22m
[2m../../tmp/chromatic--7299-HhoMb78rEYwo/[22m[2massets/[22m[36mpreview-1e5c59db.js                     [39m[1m[2m  0.15 kB[22m[1m[22m[2m │ gzip:   0.15 kB[22m
[2m../../tmp/chromatic--7299-HhoMb78rEYwo/[22m[2massets/[22m[36mWithTooltip-V3YHNWJZ-2a934895.js        [39m[1m[2m  0.39 kB[22m[1m[22m[2m │ gzip:   0.25 kB[22m
[2m../../tmp/chromatic--7299-HhoMb78rEYwo/[22m[2massets/[22m[36msyntaxhighlighter-B5GMVT5T-4622ee37.js  [39m[1m[2m  0.40 kB[22m[1m[22m[2m │ gzip:   0.27 kB[22m
[2m../../tmp/chromatic--7299-HhoMb78rEYwo/[22m[2massets/[22m[36mpreview-8502f65c.js                     [39m[1m[2m  0.47 kB[22m[1m[22m[2m │ gzip:   0.31 kB[22m
[2m../../tmp/chromatic--7299-HhoMb78rEYwo/[22m[2massets/[22m[36mindex-3fd0d1ea.js                       [39m[1m[2m  0.58 kB[22m[1m[22m[2m │ gzip:   0.35 kB[22m
[2m../../tmp/chromatic--7299-HhoMb78rEYwo/[22m[2massets/[22m[36mpreview-73104b77.js                     [39m[1m[2m  0.64 kB[22m[1m[22m[2m │ gzip:   0.45 kB[22m
[2m../../tmp/chromatic--7299-HhoMb78rEYwo/[22m[2massets/[22m[36m_commonjsHelpers-de833af9.js            [39m[1m[2m  0.69 kB[22m[1m[22m[2m │ gzip:   0.38 kB[22m
[2m../../tmp/chromatic--7299-HhoMb78rEYwo/[22m[2massets/[22m[36mindex-356e4a49.js                       [39m[1m[2m  0.77 kB[22m[1m[22m[2m │ gzip:   0.47 kB[22m
[2m../../tmp/chromatic--7299-HhoMb78rEYwo/[22m[2massets/[22m[36mpreview-0ef86afd.js                     [39m[1m[2m  0.86 kB[22m[1m[22m[2m │ gzip:   0.55 kB[22m
[2m../../tmp/chromatic--7299-HhoMb78rEYwo/[22m[2massets/[22m[36mentry-preview-fb6629d6.js               [39m[1m[2m  1.12 kB[22m[1m[22m[2m │ gzip:   0.66 kB[22m
[2m../../tmp/chromatic--7299-HhoMb78rEYwo/[22m[2massets/[22m[36mpreview-77a968f3.js                     [39m[1m[2m  2.53 kB[22m[1m[22m[2m │ gzip:   1.30 kB[22m
[2m../../tmp/chromatic--7299-HhoMb78rEYwo/[22m[2massets/[22m[36mindex-11d98b33.js                       [39m[1m[2m  2.59 kB[22m[1m[22m[2m │ gzip:   1.26 kB[22m
[2m../../tmp/chromatic--7299-HhoMb78rEYwo/[22m[2massets/[22m[36mpreview-errors-dde4324f.js              [39m[1m[2m  2.80 kB[22m[1m[22m[2m │ gzip:   1.31 kB[22m
[2m../../tmp/chromatic--7299-HhoMb78rEYwo/[22m[2massets/[22m[36mpreview-30b54f76.js                     [39m[1m[2m  3.21 kB[22m[1m[22m[2m │ gzip:   1.37 kB[22m
[2m../../tmp/chromatic--7299-HhoMb78rEYwo/[22m[2massets/[22m[36miframe-4bf7dded.js                      [39m[1m[2m  3.89 kB[22m[1m[22m[2m │ gzip:   1.54 kB[22m
[2m../../tmp/chromatic--7299-HhoMb78rEYwo/[22m[2massets/[22m[36mButton.stories-3ce692b6.js              [39m[1m[2m  4.23 kB[22m[1m[22m[2m │ gzip:   1.96 kB[22m
[2m../../tmp/chromatic--7299-HhoMb78rEYwo/[22m[2massets/[22m[36mindex-76fb7be0.js                       [39m[1m[2m  7.16 kB[22m[1m[22m[2m │ gzip:   2.91 kB[22m
[2m../../tmp/chromatic--7299-HhoMb78rEYwo/[22m[2massets/[22m[36mpreview-da31036b.js                     [39m[1m[2m  7.62 kB[22m[1m[22m[2m │ gzip:   1.55 kB[22m
[2m../../tmp/chromatic--7299-HhoMb78rEYwo/[22m[2massets/[22m[36mpreview-c56bf6ac.js                     [39m[1m[2m  8.28 kB[22m[1m[22m[2m │ gzip:   3.17 kB[22m
[2m../../tmp/chromatic--7299-HhoMb78rEYwo/[22m[2massets/[22m[36mColor-6VNJS4EI-f2ea1b00.js              [39m[1m[2m 31.00 kB[22m[1m[22m[2m │ gzip:  11.74 kB[22m
[2m../../tmp/chromatic--7299-HhoMb78rEYwo/[22m[2massets/[22m[36mpreview-2d30111f.js                     [39m[1m[2m 72.16 kB[22m[1m[22m[2m │ gzip:  24.46 kB[22m
[2m../../tmp/chromatic--7299-HhoMb78rEYwo/[22m[2massets/[22m[36m_getPrototype-1e53b583.js               [39m[1m[2m 78.40 kB[22m[1m[22m[2m │ gzip:  23.54 kB[22m
[2m../../tmp/chromatic--7299-HhoMb78rEYwo/[22m[2massets/[22m[36mreact-18-236157c6.js                    [39m[1m[2m134.55 kB[22m[1m[22m[2m │ gzip:  43.45 kB[22m
[2m../../tmp/chromatic--7299-HhoMb78rEYwo/[22m[2massets/[22m[36mentry-preview-docs-7543256a.js          [39m[1m[2m213.14 kB[22m[1m[22m[2m │ gzip:  66.84 kB[22m
[2m../../tmp/chromatic--7299-HhoMb78rEYwo/[22m[2massets/[22m[36mDocsRenderer-NNNQARDV-1e8771dc.js       [39m[1m[33m540.35 kB[39m[22m[2m │ gzip: 176.48 kB[22m
[2m../../tmp/chromatic--7299-HhoMb78rEYwo/[22m[2massets/[22m[36mformatter-SWP5E3XI-26563674.js          [39m[1m[33m601.59 kB[39m[22m[2m │ gzip: 186.23 kB[22m
[32m✓ built in 11.51s[39m
info => Preview built (12 s)
info => Output directory: /tmp/chromatic--7299-HhoMb78rEYwo
